<?xml version="1.0" encoding="UTF-8"?>
<!-- Generated by org.testng.reporters.JUnitReportReporter -->
<testsuite skipped="0" hostname="LAPTOP-HHN7D2TC" name="com.ebanking.scripts.SampleNG" tests="2" failures="0" timestamp="2021-04-24T14:40:20 IST" time="43.637" errors="0">
  <testcase name="RanfordUrl" time="23.337" classname="com.ebanking.scripts.SampleNG"/>
  <testcase name="GoogleUrl" time="20.300" classname="com.ebanking.scripts.SampleNG"/>
</testsuite> <!-- com.ebanking.scripts.SampleNG -->
