<?xml version="1.0" encoding="UTF-8"?>
<!-- Generated by org.testng.reporters.JUnitReportReporter -->
<testsuite skipped="0" hostname="LAPTOP-HHN7D2TC" name="com.ebanking.scripts.SampleNgprog" tests="2" failures="0" timestamp="2021-04-30T17:04:11 IST" time="44.187" errors="0">
  <testcase name="google" time="19.537" classname="com.ebanking.scripts.SampleNgprog"/>
  <testcase name="abc" time="24.650" classname="com.ebanking.scripts.SampleNgprog"/>
</testsuite> <!-- com.ebanking.scripts.SampleNgprog -->
