<?xml version="1.0" encoding="UTF-8"?>
<!-- Generated by org.testng.reporters.JUnitReportReporter -->
<testsuite skipped="0" hostname="LAPTOP-HHN7D2TC" name="com.ebanking.master.RolNG" tests="3" failures="0" timestamp="2021-04-27T14:28:31 IST" time="29.211" errors="0">
  <testcase name="Rol" time="9.997" classname="com.ebanking.master.RolNG"/>
  <testcase name="Rol" time="9.646" classname="com.ebanking.master.RolNG"/>
  <testcase name="Rol" time="9.568" classname="com.ebanking.master.RolNG"/>
</testsuite> <!-- com.ebanking.master.RolNG -->
